2025-09-07 16:32:44,154 [INFO] Activator:176 - 


2025-09-07 16:32:44,155 [INFO] Activator:177 - !SESSION log4j initialized
2025-09-07 16:32:45,603 [INFO] LogOutputStream:77 - [STDOUT_REDIRECT] 
2025-09-07 16:32:46,827 [INFO] ApplicationProperties:184 - Using Application install path: /home/ukim/st/stm32cubeide_1.19.0/plugins/com.st.stm32cube.common.mx_6.15.0.202507011659
2025-09-07 16:32:46,838 [INFO] DbMcusXml:78 - Set database path to: /home/ukim/st/stm32cubeide_1.19.0/plugins/com.st.stm32cube.common.mx_6.15.0.202507011659//db//mcu/
2025-09-07 16:32:46,839 [INFO] ApiDb:274 - Set plugin database path to: /home/ukim/st/stm32cubeide_1.19.0/plugins/com.st.stm32cube.common.mx_6.15.0.202507011659//db//plugins/boardmanager/
2025-09-07 16:32:46,839 [WARN] ApiDb:259 - Overriding images path with different value:  => /home/ukim/st/stm32cubeide_1.19.0/plugins/com.st.stm32cube.common.mx_6.15.0.202507011659//db//plugins/mcufinder/images/
2025-09-07 16:32:46,842 [INFO] ApiDb:250 - Set database path to: /home/ukim/.stmcufinder/plugins/mcufinder//mcu/
2025-09-07 16:32:46,843 [INFO] DbMcusAds:125 - Set database path to: /home/ukim/.stmcufinder/plugins/mcufinder//mcu/
2025-09-07 16:32:46,843 [INFO] CrossReferenceDbSqlite:203 - Set database path to: /home/ukim/.stmcufinder/plugins/mcufinder//mcu/cs/
2025-09-07 16:32:46,916 [INFO] RulesReader:64 - Compatibility file has been processed (317 Rules)
2025-09-07 16:32:46,960 [INFO] DbMcusXml:78 - Set database path to: /home/ukim/st/stm32cubeide_1.19.0/plugins/com.st.stm32cube.common.mx_6.15.0.202507011659//db//mcu/
2025-09-07 16:32:46,960 [INFO] ApiDb:274 - Set plugin database path to: /home/ukim/st/stm32cubeide_1.19.0/plugins/com.st.stm32cube.common.mx_6.15.0.202507011659//db//plugins/boardmanager/
2025-09-07 16:32:46,960 [INFO] ApiDb:261 - Set plugin images path to: /home/ukim/st/stm32cubeide_1.19.0/plugins/com.st.stm32cube.common.mx_6.15.0.202507011659//db//plugins/mcufinder/images/
2025-09-07 16:32:46,960 [WARN] DbFile:41 - Overriding database path with different value: /home/ukim/.stmcufinder/plugins/mcufinder/ => /home/ukim/.stmcufinder/plugins/mcufinder
2025-09-07 16:32:46,960 [INFO] ApiDb:250 - Set database path to: /home/ukim/.stmcufinder/plugins/mcufinder//mcu/
2025-09-07 16:32:46,960 [WARN] DbFile:41 - Overriding database path with different value: /home/ukim/.stmcufinder/plugins/mcufinder/ => /home/ukim/.stmcufinder/plugins/mcufinder
2025-09-07 16:32:46,960 [INFO] DbMcusAds:125 - Set database path to: /home/ukim/.stmcufinder/plugins/mcufinder//mcu/
2025-09-07 16:32:46,960 [WARN] DbFile:41 - Overriding database path with different value: /home/ukim/.stmcufinder/plugins/mcufinder/ => /home/ukim/.stmcufinder/plugins/mcufinder
2025-09-07 16:32:46,960 [WARN] DbFile:41 - Overriding database path with different value: /home/ukim/.stmcufinder/plugins/mcufinder/ => /home/ukim/.stmcufinder/plugins/mcufinder
2025-09-07 16:32:46,960 [INFO] CrossReferenceDbSqlite:203 - Set database path to: /home/ukim/.stmcufinder/plugins/mcufinder//mcu/cs/
2025-09-07 16:32:47,004 [INFO] MainPanel:274 - HeapMemory: 268435456
2025-09-07 16:32:47,106 [INFO] DbMcusXml:78 - Set database path to: /home/ukim/st/stm32cubeide_1.19.0/plugins/com.st.stm32cube.common.mx_6.15.0.202507011659//db//mcu/
2025-09-07 16:32:47,106 [INFO] ApiDb:274 - Set plugin database path to: /home/ukim/st/stm32cubeide_1.19.0/plugins/com.st.stm32cube.common.mx_6.15.0.202507011659//db//plugins/boardmanager/
2025-09-07 16:32:47,107 [INFO] ApiDb:261 - Set plugin images path to: /home/ukim/st/stm32cubeide_1.19.0/plugins/com.st.stm32cube.common.mx_6.15.0.202507011659//db//plugins/mcufinder/images/
2025-09-07 16:32:47,107 [WARN] DbFile:41 - Overriding database path with different value: /home/ukim/.stmcufinder/plugins/mcufinder/ => /home/ukim/.stmcufinder/plugins/mcufinder
2025-09-07 16:32:47,107 [INFO] ApiDb:250 - Set database path to: /home/ukim/.stmcufinder/plugins/mcufinder//mcu/
2025-09-07 16:32:47,107 [WARN] DbFile:41 - Overriding database path with different value: /home/ukim/.stmcufinder/plugins/mcufinder/ => /home/ukim/.stmcufinder/plugins/mcufinder
2025-09-07 16:32:47,107 [INFO] DbMcusAds:125 - Set database path to: /home/ukim/.stmcufinder/plugins/mcufinder//mcu/
2025-09-07 16:32:47,107 [WARN] DbFile:41 - Overriding database path with different value: /home/ukim/.stmcufinder/plugins/mcufinder/ => /home/ukim/.stmcufinder/plugins/mcufinder
2025-09-07 16:32:47,107 [WARN] DbFile:41 - Overriding database path with different value: /home/ukim/.stmcufinder/plugins/mcufinder/ => /home/ukim/.stmcufinder/plugins/mcufinder
2025-09-07 16:32:47,107 [INFO] CrossReferenceDbSqlite:203 - Set database path to: /home/ukim/.stmcufinder/plugins/mcufinder//mcu/cs/
2025-09-07 16:32:47,117 [INFO] ApplicationProperties:184 - Using Application install path: /home/ukim/st/stm32cubeide_1.19.0/plugins/com.st.stm32cube.common.mx_6.15.0.202507011659
2025-09-07 16:32:47,118 [INFO] PluginManage:196 - Search for loadable plugins [exclusion list=, ]
2025-09-07 16:32:47,119 [INFO] PluginManage:310 - Check plugin analytics
2025-09-07 16:32:47,219 [INFO] AnalyticsPlugin:253 - Accepted Software Licenses: 
2025-09-07 16:32:47,219 [INFO] AnalyticsPlugin:255 - Accepted CMSIS Pack Licenses: 
2025-09-07 16:32:47,219 [INFO] AnalyticsPlugin:257 - Accepted Firmware Licenses: FW.F4.1.28.0
2025-09-07 16:32:47,221 [INFO] PluginManage:359 - Loaded plugin analytics (category:tool,tabindex:-1)
2025-09-07 16:32:47,221 [INFO] PluginManage:310 - Check plugin cadmodel
2025-09-07 16:32:47,225 [INFO] CADModel:105 - Init CAD model plugin
2025-09-07 16:32:47,225 [INFO] PluginManage:359 - Loaded plugin cadmodel (category:power,tabindex:5)
2025-09-07 16:32:47,225 [INFO] PluginManage:310 - Check plugin clock
2025-09-07 16:32:47,232 [INFO] PluginManage:359 - Loaded plugin clock (category:base,tabindex:2)
2025-09-07 16:32:47,232 [INFO] PluginManage:310 - Check plugin ddr
2025-09-07 16:32:47,233 [INFO] PluginManage:359 - Loaded plugin ddr (category:tool,tabindex:6)
2025-09-07 16:32:47,233 [INFO] PluginManage:310 - Check plugin filemanager
2025-09-07 16:32:47,365 [INFO] PluginManage:359 - Loaded plugin filemanager (category:base,tabindex:10)
2025-09-07 16:32:47,366 [INFO] PluginManage:310 - Check plugin ipmanager
2025-09-07 16:32:47,371 [INFO] PluginManage:359 - Loaded plugin ipmanager (category:base,tabindex:5)
2025-09-07 16:32:47,371 [INFO] PluginManage:310 - Check plugin lpbam
2025-09-07 16:32:47,383 [INFO] PluginManage:359 - Loaded plugin lpbam (category:base,tabindex:0)
2025-09-07 16:32:47,384 [INFO] PluginManage:310 - Check plugin memorymap
2025-09-07 16:32:47,391 [INFO] PluginManage:359 - Loaded plugin memorymap (category:base,tabindex:4)
2025-09-07 16:32:47,391 [INFO] PluginManage:310 - Check plugin pinoutandconfiguration
2025-09-07 16:32:47,397 [INFO] PluginManage:359 - Loaded plugin pinoutandconfiguration (category:base,tabindex:1)
2025-09-07 16:32:47,397 [INFO] PluginManage:310 - Check plugin pinoutconfig
2025-09-07 16:32:47,453 [WARN] SupportedApi:132 - Cannot load RTOS API schema: s4s-elt-must-match.1: The content of 'definitions' must match (annotation?, (simpleType | complexType)?, (unique | key | keyref)*)). A problem was found starting at: attribute.
2025-09-07 16:32:47,534 [INFO] PluginManage:359 - Loaded plugin pinoutconfig (category:base,tabindex:0)
2025-09-07 16:32:47,534 [INFO] PluginManage:310 - Check plugin power
2025-09-07 16:32:47,541 [INFO] PluginManage:359 - Loaded plugin power (category:power,tabindex:4)
2025-09-07 16:32:47,541 [INFO] PluginManage:310 - Check plugin projectmanager
2025-09-07 16:32:47,555 [INFO] PluginManage:359 - Loaded plugin projectmanager (category:projectmanager,tabindex:4)
2025-09-07 16:32:47,555 [INFO] PluginManage:310 - Check plugin rif
2025-09-07 16:32:47,561 [INFO] PluginManage:359 - Loaded plugin rif (category:base,tabindex:3)
2025-09-07 16:32:47,561 [INFO] PluginManage:310 - Check plugin thirdparty
2025-09-07 16:32:47,638 [INFO] PluginManage:359 - Loaded plugin thirdparty (category:base,tabindex:-1)
2025-09-07 16:32:47,639 [INFO] PluginManage:310 - Check plugin tools
2025-09-07 16:32:47,638 [WARN] IntegrityCheckThread:84 - waiting for thirdparty lock release [integrity check]
2025-09-07 16:32:47,639 [INFO] IntegrityCheckThread:86 - entering critical section [integrity check]
2025-09-07 16:32:47,639 [INFO] ThirdPartyUpdaterWithRetryManager:70 - Updater plugin not ready yet. [1/15]
2025-09-07 16:32:47,640 [INFO] PluginManage:359 - Loaded plugin tools (category:base,tabindex:7)
2025-09-07 16:32:47,640 [INFO] PluginManage:310 - Check plugin tutovideos
2025-09-07 16:32:47,753 [INFO] PluginManage:359 - Loaded plugin tutovideos (category:base,tabindex:-1)
2025-09-07 16:32:47,753 [INFO] PluginManage:310 - Check plugin updater
2025-09-07 16:32:47,771 [INFO] PluginManage:359 - Loaded plugin updater (category:base,tabindex:12)
2025-09-07 16:32:47,771 [INFO] PluginManage:310 - Check plugin userauth
2025-09-07 16:32:47,774 [INFO] UserAuth:118 - Init User Auth plugin
2025-09-07 16:32:47,775 [INFO] PluginManage:359 - Loaded plugin userauth (category:base,tabindex:14)
2025-09-07 16:32:47,775 [INFO] PluginManage:283 - PluginManage : Loaded plugins [18]
2025-09-07 16:32:47,887 [INFO] PinOutPanel:1589 - setPackage(No Configuration,No Configuration)
2025-09-07 16:32:47,934 [INFO] CADModel:165 - CPN selected for project level
2025-09-07 16:32:47,935 [INFO] CADModel:114 - Register for checkConnection events
2025-09-07 16:32:47,943 [INFO] IPUIPlugin:80 - create IPUIPlugin
2025-09-07 16:32:47,943 [INFO] PluginManager:220 - loadIPPluginJar : add adc
2025-09-07 16:32:47,945 [INFO] IPUIPlugin:80 - create IPUIPlugin
2025-09-07 16:32:47,945 [INFO] PluginManager:220 - loadIPPluginJar : add aes
2025-09-07 16:32:47,946 [INFO] IPUIPlugin:80 - create IPUIPlugin
2025-09-07 16:32:47,946 [INFO] PluginManager:220 - loadIPPluginJar : add can
2025-09-07 16:32:47,947 [INFO] IPUIPlugin:80 - create IPUIPlugin
2025-09-07 16:32:47,947 [INFO] PluginManager:220 - loadIPPluginJar : add comp
2025-09-07 16:32:47,949 [INFO] IPUIPlugin:80 - create IPUIPlugin
2025-09-07 16:32:47,949 [INFO] PluginManager:220 - loadIPPluginJar : add cryp
2025-09-07 16:32:47,951 [INFO] IPUIPlugin:80 - create IPUIPlugin
2025-09-07 16:32:47,951 [INFO] PluginManager:220 - loadIPPluginJar : add ddr_ctrl_phy
2025-09-07 16:32:47,952 [INFO] IPUIPlugin:80 - create IPUIPlugin
2025-09-07 16:32:47,952 [INFO] PluginManager:220 - loadIPPluginJar : add dfsdm
2025-09-07 16:32:47,955 [INFO] IPUIPlugin:80 - create IPUIPlugin
2025-09-07 16:32:47,955 [INFO] PluginManager:220 - loadIPPluginJar : add dma
2025-09-07 16:32:47,957 [INFO] IPUIPlugin:80 - create IPUIPlugin
2025-09-07 16:32:47,957 [INFO] PluginManager:220 - loadIPPluginJar : add dma3
2025-09-07 16:32:47,958 [INFO] IPUIPlugin:80 - create IPUIPlugin
2025-09-07 16:32:47,958 [INFO] PluginManager:220 - loadIPPluginJar : add extmemmanager
2025-09-07 16:32:47,959 [INFO] IPUIPlugin:80 - create IPUIPlugin
2025-09-07 16:32:47,959 [INFO] PluginManager:220 - loadIPPluginJar : add fatfs
2025-09-07 16:32:47,961 [INFO] IPUIPlugin:80 - create IPUIPlugin
2025-09-07 16:32:47,961 [INFO] PluginManager:220 - loadIPPluginJar : add fmc
2025-09-07 16:32:47,964 [INFO] IPUIPlugin:80 - create IPUIPlugin
2025-09-07 16:32:47,964 [INFO] PluginManager:220 - loadIPPluginJar : add freertos
2025-09-07 16:32:47,965 [INFO] IPUIPlugin:80 - create IPUIPlugin
2025-09-07 16:32:47,965 [INFO] PluginManager:220 - loadIPPluginJar : add genericplugin
2025-09-07 16:32:47,966 [INFO] IPUIPlugin:80 - create IPUIPlugin
2025-09-07 16:32:47,966 [INFO] PluginManager:220 - loadIPPluginJar : add gfxmmu
2025-09-07 16:32:47,969 [INFO] IPUIPlugin:80 - create IPUIPlugin
2025-09-07 16:32:47,969 [INFO] PluginManager:220 - loadIPPluginJar : add gic
2025-09-07 16:32:47,971 [INFO] IPUIPlugin:80 - create IPUIPlugin
2025-09-07 16:32:47,972 [INFO] PluginManager:220 - loadIPPluginJar : add gpio
2025-09-07 16:32:47,973 [INFO] IPUIPlugin:80 - create IPUIPlugin
2025-09-07 16:32:47,973 [INFO] PluginManager:220 - loadIPPluginJar : add gtzc
2025-09-07 16:32:47,974 [INFO] IPUIPlugin:80 - create IPUIPlugin
2025-09-07 16:32:47,974 [INFO] PluginManager:220 - loadIPPluginJar : add hash
2025-09-07 16:32:47,975 [INFO] IPUIPlugin:80 - create IPUIPlugin
2025-09-07 16:32:47,976 [INFO] PluginManager:220 - loadIPPluginJar : add i2c
2025-09-07 16:32:47,977 [INFO] IPUIPlugin:80 - create IPUIPlugin
2025-09-07 16:32:47,977 [INFO] PluginManager:220 - loadIPPluginJar : add i2s
2025-09-07 16:32:47,978 [INFO] IPUIPlugin:80 - create IPUIPlugin
2025-09-07 16:32:47,978 [INFO] PluginManager:220 - loadIPPluginJar : add i3c
2025-09-07 16:32:47,980 [INFO] IPUIPlugin:80 - create IPUIPlugin
2025-09-07 16:32:47,981 [INFO] PluginManager:220 - loadIPPluginJar : add ipddr
2025-09-07 16:32:47,984 [INFO] IPUIPlugin:80 - create IPUIPlugin
2025-09-07 16:32:47,984 [INFO] PluginManager:220 - loadIPPluginJar : add linkedlist
2025-09-07 16:32:47,986 [INFO] IPUIPlugin:80 - create IPUIPlugin
2025-09-07 16:32:47,986 [INFO] PluginManager:220 - loadIPPluginJar : add lorawan
2025-09-07 16:32:47,987 [INFO] IPUIPlugin:80 - create IPUIPlugin
2025-09-07 16:32:47,987 [INFO] PluginManager:220 - loadIPPluginJar : add ltdc
2025-09-07 16:32:47,990 [INFO] IPUIPlugin:80 - create IPUIPlugin
2025-09-07 16:32:47,990 [INFO] PluginManager:220 - loadIPPluginJar : add mdma
2025-09-07 16:32:47,992 [INFO] IPUIPlugin:80 - create IPUIPlugin
2025-09-07 16:32:47,993 [INFO] PluginManager:220 - loadIPPluginJar : add nvic
2025-09-07 16:32:47,994 [INFO] IPUIPlugin:80 - create IPUIPlugin
2025-09-07 16:32:47,994 [INFO] PluginManager:220 - loadIPPluginJar : add opamp
2025-09-07 16:32:47,996 [INFO] IPUIPlugin:80 - create IPUIPlugin
2025-09-07 16:32:47,996 [INFO] PluginManager:220 - loadIPPluginJar : add openamp
2025-09-07 16:32:47,998 [INFO] IPUIPlugin:80 - create IPUIPlugin
2025-09-07 16:32:47,998 [INFO] PluginManager:220 - loadIPPluginJar : add pdm2pcm
2025-09-07 16:32:48,002 [INFO] IPUIPlugin:80 - create IPUIPlugin
2025-09-07 16:32:48,004 [INFO] PluginManager:220 - loadIPPluginJar : add plateformsettings
2025-09-07 16:32:48,004 [INFO] IPUIPlugin:80 - create IPUIPlugin
2025-09-07 16:32:48,004 [INFO] PluginManager:220 - loadIPPluginJar : add quadspi
2025-09-07 16:32:48,005 [INFO] IPUIPlugin:80 - create IPUIPlugin
2025-09-07 16:32:48,005 [INFO] PluginManager:220 - loadIPPluginJar : add radio
2025-09-07 16:32:48,009 [INFO] IPUIPlugin:80 - create IPUIPlugin
2025-09-07 16:32:48,009 [INFO] PluginManager:220 - loadIPPluginJar : add resmgrutility
2025-09-07 16:32:48,010 [INFO] IPUIPlugin:80 - create IPUIPlugin
2025-09-07 16:32:48,010 [INFO] PluginManager:220 - loadIPPluginJar : add sai
2025-09-07 16:32:48,011 [INFO] IPUIPlugin:80 - create IPUIPlugin
2025-09-07 16:32:48,011 [INFO] PluginManager:220 - loadIPPluginJar : add spi
2025-09-07 16:32:48,014 [INFO] IPUIPlugin:80 - create IPUIPlugin
2025-09-07 16:32:48,014 [INFO] PluginManager:220 - loadIPPluginJar : add stm32_wpan
2025-09-07 16:32:48,015 [INFO] IPUIPlugin:80 - create IPUIPlugin
2025-09-07 16:32:48,015 [INFO] PluginManager:220 - loadIPPluginJar : add tim
2025-09-07 16:32:48,017 [INFO] IPUIPlugin:80 - create IPUIPlugin
2025-09-07 16:32:48,017 [INFO] PluginManager:220 - loadIPPluginJar : add touchsensing
2025-09-07 16:32:48,018 [INFO] IPUIPlugin:80 - create IPUIPlugin
2025-09-07 16:32:48,018 [INFO] PluginManager:220 - loadIPPluginJar : add tracer_emb
2025-09-07 16:32:48,019 [INFO] IPUIPlugin:80 - create IPUIPlugin
2025-09-07 16:32:48,019 [INFO] PluginManager:220 - loadIPPluginJar : add ts
2025-09-07 16:32:48,019 [INFO] IPUIPlugin:80 - create IPUIPlugin
2025-09-07 16:32:48,020 [INFO] PluginManager:220 - loadIPPluginJar : add tsc
2025-09-07 16:32:48,020 [INFO] IPUIPlugin:80 - create IPUIPlugin
2025-09-07 16:32:48,020 [INFO] PluginManager:220 - loadIPPluginJar : add ucpd
2025-09-07 16:32:48,021 [INFO] IPUIPlugin:80 - create IPUIPlugin
2025-09-07 16:32:48,021 [INFO] PluginManager:220 - loadIPPluginJar : add usart
2025-09-07 16:32:48,023 [INFO] IPUIPlugin:80 - create IPUIPlugin
2025-09-07 16:32:48,023 [INFO] PluginManager:220 - loadIPPluginJar : add usbx
2025-09-07 16:32:48,113 [FATAL] Updater:351 - Updater called before beeing initialized
2025-09-07 16:32:48,133 [INFO] RulesReader:64 - Compatibility file has been processed (317 Rules)
2025-09-07 16:32:48,145 [INFO] RulesReader:64 - Compatibility file has been processed (317 Rules)
2025-09-07 16:32:48,152 [INFO] CADModel:165 - CPN selected for project level
2025-09-07 16:32:48,152 [INFO] CADModel:114 - Register for checkConnection events
2025-09-07 16:32:48,152 [FATAL] Updater:351 - Updater called before beeing initialized
2025-09-07 16:32:48,152 [ERROR] CADModel:125 - Updater not yet initialized, retry later 
2025-09-07 16:32:48,229 [FATAL] Updater:351 - Updater called before beeing initialized
2025-09-07 16:32:48,230 [INFO] CADModel:165 - CPN selected for project level
2025-09-07 16:32:48,230 [INFO] CADModel:114 - Register for checkConnection events
2025-09-07 16:32:48,230 [FATAL] Updater:351 - Updater called before beeing initialized
2025-09-07 16:32:48,230 [ERROR] CADModel:125 - Updater not yet initialized, retry later 
2025-09-07 16:32:48,232 [FATAL] Updater:351 - Updater called before beeing initialized
2025-09-07 16:32:48,293 [FATAL] Updater:351 - Updater called before beeing initialized
2025-09-07 16:32:48,296 [INFO] DbMcusAds:53 - JSON generation date=Tue Jul 08 01:14:23 PDT 2025 (1751962463582)
2025-09-07 16:32:48,296 [FATAL] Updater:351 - Updater called before beeing initialized
2025-09-07 16:32:48,320 [WARN] DetailPanel:346 - Failed to get advertising image, set to default
2025-09-07 16:32:48,375 [FATAL] Updater:351 - Updater called before beeing initialized
2025-09-07 16:32:48,376 [FATAL] Updater:351 - Updater called before beeing initialized
2025-09-07 16:32:48,376 [FATAL] Updater:351 - Updater called before beeing initialized
2025-09-07 16:32:48,377 [WARN] DetailPanel:346 - Failed to get advertising image, set to default
2025-09-07 16:32:48,378 [FATAL] Updater:351 - Updater called before beeing initialized
2025-09-07 16:32:48,403 [ERROR] Updater:1198 - MainUpdater not yet initialized. External WinMGr cannot be set.
2025-09-07 16:32:48,404 [INFO] Updater:1134 - Updater Version found : 6.15.0
2025-09-07 16:32:48,420 [INFO] ApplicationProperties:184 - Using Application install path: /home/ukim/st/stm32cubeide_1.19.0/plugins/com.st.stm32cube.common.mx_6.15.0.202507011659
2025-09-07 16:32:48,651 [INFO] MainUpdater:2872 - connection check result : 10
2025-09-07 16:32:48,651 [INFO] MainUpdater:289 - Updater Check For Update Now.
2025-09-07 16:32:48,651 [INFO] MicroXplorer:498 - Change Database Version : DB.6.0.150
2025-09-07 16:32:48,654 [INFO] McuFinderGlobals:63 - Set McuFinder mode to 2 (CubeIDE integrated)
2025-09-07 16:32:48,654 [INFO] UserAuth:487 - Internet connection configuration mode: 1
2025-09-07 16:32:48,668 [INFO] JxBrowserEngine:152 - Initiate JxBrowser Engine with user profile folder
2025-09-07 16:32:48,814 [INFO] CheckServerUpdateThread:120 - End of CheckServer Thread
2025-09-07 16:32:49,279 [INFO] WebApp:169 - Instantiating new browser for Auth
2025-09-07 16:32:49,624 [INFO] WebApp:463 - Apply proxy settings
2025-09-07 16:32:49,625 [INFO] WebApp:548 - Chromium requires no authentication
2025-09-07 16:32:49,628 [INFO] WebApp:491 - Direct internet connection detected
2025-09-07 16:32:49,639 [INFO] WebApp:900 - Register for checkConnection events
2025-09-07 16:32:49,639 [INFO] WebApp:463 - Apply proxy settings
2025-09-07 16:32:49,639 [INFO] WebApp:548 - Chromium requires no authentication
2025-09-07 16:32:49,639 [INFO] WebApp:491 - Direct internet connection detected
2025-09-07 16:32:49,706 [INFO] WebApp:225 - Starting web application
2025-09-07 16:32:49,707 [INFO] WebApp:593 - Web application path used /home/ukim/st/stm32cubeide_1.19.0/plugins/com.st.stm32cube.common.mx_6.15.0.202507011659/db/plugins/mcufinder/reactClient1/index.html
2025-09-07 16:32:49,767 [INFO] UserAuth:487 - Internet connection configuration mode: 1
2025-09-07 16:32:49,909 [INFO] WebApp:191 - Connection restablished
2025-09-07 16:32:50,756 [WARN] PackLoader:240 - Cannot read IP mode file for STMicroelectronics.FP-SNS-MOTENVWB1.1.4.0
2025-09-07 16:32:50,763 [WARN] PackLoader:240 - Cannot read IP mode file for STMicroelectronics.FP-ATR-ASTRA1.2.0.2
2025-09-07 16:32:50,767 [WARN] PackLoader:240 - Cannot read IP mode file for STMicroelectronics.X-CUBE-SMBUS.2.1.0
2025-09-07 16:32:50,770 [WARN] PackLoader:240 - Cannot read IP mode file for STMicroelectronics.X-CUBE-ST60.1.0.0
2025-09-07 16:32:50,793 [WARN] PackLoader:240 - Cannot read IP mode file for STMicroelectronics.X-CUBE-AZRTOS-F7.1.1.0
2025-09-07 16:32:50,806 [WARN] PackLoader:240 - Cannot read IP mode file for WES.I-CUBE-Cesium.1.4.0
2025-09-07 16:32:50,827 [WARN] PackLoader:240 - Cannot read IP mode file for Infineon.AIROC-Wi-Fi-Bluetooth-STM32.1.7.1
2025-09-07 16:32:50,849 [WARN] PackLoader:240 - Cannot read IP mode file for STMicroelectronics.X-CUBE-AZRTOS-H7.3.4.0
2025-09-07 16:32:50,858 [WARN] PackLoader:240 - Cannot read IP mode file for STMicroelectronics.X-CUBE-DISPLAY.3.0.0
2025-09-07 16:32:50,868 [WARN] PackLoader:240 - Cannot read IP mode file for STMicroelectronics.X-CUBE-NFC10.1.0.0
2025-09-07 16:32:50,873 [WARN] PackLoader:240 - Cannot read IP mode file for emotas.I-CUBE-CANOPEN.1.3.0
2025-09-07 16:32:50,878 [WARN] PackLoader:240 - Cannot read IP mode file for STMicroelectronics.FP-SNS-STBOX1.2.1.0
2025-09-07 16:32:50,882 [WARN] PackLoader:240 - Cannot read IP mode file for STMicroelectronics.FP-SNS-SMARTAG2.1.2.0
2025-09-07 16:32:50,885 [WARN] PackLoader:240 - Cannot read IP mode file for STMicroelectronics.FP-SNS-FLIGHT1.5.1.0
2025-09-07 16:32:50,897 [INFO] LogOutputStream:77 - [STDOUT_REDIRECT] 1 : Invalid condition id : UX_CORESTACK_Condition cause : null
2025-09-07 16:32:50,897 [INFO] LogOutputStream:77 - [STDOUT_REDIRECT] 1 : Invalid condition id : UX_CORESTACK_Condition cause : null
2025-09-07 16:32:50,897 [INFO] LogOutputStream:77 - [STDOUT_REDIRECT] 1 : Invalid condition id : UX_CORESTACK_Condition cause : null
2025-09-07 16:32:50,897 [INFO] LogOutputStream:77 - [STDOUT_REDIRECT] 1 : Invalid condition id : UX_CORESTACK_Condition cause : null
2025-09-07 16:32:50,898 [INFO] LogOutputStream:77 - [STDOUT_REDIRECT] 1 : Invalid condition id : UX_CORESTACK_Condition cause : null
2025-09-07 16:32:50,900 [WARN] PackLoader:240 - Cannot read IP mode file for STMicroelectronics.X-CUBE-AZRTOS-WL.2.0.0
2025-09-07 16:32:50,903 [WARN] PackLoader:240 - Cannot read IP mode file for STMicroelectronics.FP-SNS-MOTENV1.5.0.0
2025-09-07 16:32:50,908 [WARN] PackLoader:240 - Cannot read IP mode file for STMicroelectronics.X-CUBE-BLE2.3.3.0
2025-09-07 16:32:50,912 [WARN] PackLoader:240 - Cannot read IP mode file for STMicroelectronics.X-CUBE-NFC9.1.0.0
2025-09-07 16:32:50,915 [WARN] PackLoader:240 - Cannot read IP mode file for wolfSSL.I-CUBE-wolfSSL.5.8.2
2025-09-07 16:32:50,918 [WARN] PackLoader:240 - Cannot read IP mode file for STMicroelectronics.X-CUBE-BLE1.7.1.0
2025-09-07 16:32:50,921 [WARN] PackLoader:240 - Cannot read IP mode file for wolfSSL.I-CUBE-wolfMQTT.1.19.2
2025-09-07 16:32:50,925 [WARN] PackLoader:240 - Cannot read IP mode file for STMicroelectronics.X-CUBE-EEPRMA1.5.2.0
2025-09-07 16:32:50,937 [WARN] PackLoader:240 - Cannot read IP mode file for STMicroelectronics.X-CUBE-AZRTOS-G0.1.1.0
2025-09-07 16:32:50,942 [WARN] PackLoader:240 - Cannot read IP mode file for STMicroelectronics.X-CUBE-SAFEA1.1.2.2
2025-09-07 16:32:50,946 [WARN] PackLoader:240 - Cannot read IP mode file for STMicroelectronics.X-CUBE-NFC4.3.0.0
2025-09-07 16:32:50,952 [WARN] PackLoader:240 - Cannot read IP mode file for EmbeddedOffice.I-CUBE-FS-RTOS.1.0.1
2025-09-07 16:32:50,955 [WARN] PackLoader:240 - Cannot read IP mode file for STMicroelectronics.X-CUBE-WB05N.2.0.0
2025-09-07 16:32:50,958 [WARN] PackLoader:240 - Cannot read IP mode file for wolfSSL.I-CUBE-wolfTPM.3.8.0
2025-09-07 16:32:50,962 [WARN] PackLoader:240 - Cannot read IP mode file for STMicroelectronics.X-CUBE-TCPP.4.2.0
2025-09-07 16:32:50,965 [WARN] PackLoader:240 - Cannot read IP mode file for STMicroelectronics.FP-ATR-SIGFOX1.3.2.0
2025-09-07 16:32:50,969 [WARN] PackLoader:240 - Cannot read IP mode file for ITTIA_DB.I-CUBE-ITTIADB.8.9.0
2025-09-07 16:32:50,972 [WARN] PackLoader:240 - Cannot read IP mode file for STMicroelectronics.X-CUBE-ST67W61.1.0.0
2025-09-07 16:32:50,975 [WARN] PackLoader:240 - Cannot read IP mode file for STMicroelectronics.X-CUBE-AI.10.2.0
2025-09-07 16:32:50,991 [WARN] PackLoader:240 - Cannot read IP mode file for SEGGER.I-CUBE-embOS.1.3.1
2025-09-07 16:32:51,018 [WARN] PackLoader:240 - Cannot read IP mode file for STMicroelectronics.X-CUBE-ALGOBUILD.1.4.0
2025-09-07 16:32:51,058 [WARN] PackLoader:240 - Cannot read IP mode file for STMicroelectronics.X-CUBE-MEMS1.11.3.0
2025-09-07 16:32:51,194 [WARN] PackLoader:240 - Cannot read IP mode file for STMicroelectronics.X-CUBE-PM33A1.1.0.0
2025-09-07 16:32:51,203 [WARN] PackLoader:240 - Cannot read IP mode file for STMicroelectronics.X-CUBE-AZRTOS-F4.1.1.0
2025-09-07 16:32:51,206 [WARN] PackLoader:240 - Cannot read IP mode file for Avnet-IotConnect.X-CUBE-IoTC-DA16k-PMOD.1.0.0
2025-09-07 16:32:51,209 [WARN] PackLoader:240 - Cannot read IP mode file for STMicroelectronics.X-CUBE-ISPU.2.1.0
2025-09-07 16:32:51,213 [WARN] PackLoader:240 - Cannot read IP mode file for STMicroelectronics.X-CUBE-NFC12.1.0.0
2025-09-07 16:32:51,223 [WARN] PackLoader:240 - Cannot read IP mode file for STMicroelectronics.X-CUBE-AZRTOS-L5.2.0.0
2025-09-07 16:32:51,228 [WARN] PackLoader:240 - Cannot read IP mode file for STMicroelectronics.X-CUBE-NFC6.3.1.0
2025-09-07 16:32:51,232 [WARN] PackLoader:240 - Cannot read IP mode file for STMicroelectronics.X-CUBE-FREERTOS.1.3.1
2025-09-07 16:32:51,235 [WARN] PackLoader:240 - Cannot read IP mode file for STMicroelectronics.FP-SNS-STAIOTCFT.1.0.0
2025-09-07 16:32:51,239 [WARN] PackLoader:240 - Cannot read IP mode file for STMicroelectronics.X-CUBE-DPower.1.3.0
2025-09-07 16:32:51,250 [WARN] ConditionMgr:438 - getConditionDescription Invalid condition id : LAN8742 Phy interface Condition cause : null
2025-09-07 16:32:51,250 [WARN] PackLoader:240 - Cannot read IP mode file for STMicroelectronics.X-CUBE-AZRTOS-L4.2.0.0
2025-09-07 16:32:51,255 [WARN] ConditionMgr:1044 - genDependencies : Invalid condition id : LAN8742 Phy interface Condition cause : null
2025-09-07 16:32:51,255 [WARN] ConditionMgr:1044 - genDependencies : Invalid condition id : LAN8742 Phy interface Condition cause : null
2025-09-07 16:32:51,255 [WARN] ConditionMgr:1044 - genDependencies : Invalid condition id : LAN8742 Phy interface Condition cause : null
2025-09-07 16:32:51,260 [WARN] PackLoader:240 - Cannot read IP mode file for STMicroelectronics.X-CUBE-SFXS2LP1.4.0.0
2025-09-07 16:32:51,267 [WARN] PackLoader:240 - Cannot read IP mode file for STMicroelectronics.X-CUBE-BLEMGR.4.1.0
2025-09-07 16:32:51,276 [WARN] ConditionMgr:438 - getConditionDescription Invalid condition id : UX DEVICE CLASS RTOS Condition cause : null
2025-09-07 16:32:51,276 [WARN] ConditionMgr:438 - getConditionDescription Invalid condition id : UX DEVICE CLASS RTOS Condition cause : null
2025-09-07 16:32:51,277 [WARN] PackLoader:240 - Cannot read IP mode file for STMicroelectronics.X-CUBE-AZRTOS-WB.2.0.0
2025-09-07 16:32:51,278 [WARN] ConditionMgr:1044 - genDependencies : Invalid condition id : UX DEVICE CLASS RTOS Condition cause : null
2025-09-07 16:32:51,278 [WARN] ConditionMgr:1044 - genDependencies : Invalid condition id : UX DEVICE CLASS RTOS Condition cause : null
2025-09-07 16:32:51,278 [WARN] ConditionMgr:1044 - genDependencies : Invalid condition id : UX DEVICE CLASS RTOS Condition cause : null
2025-09-07 16:32:51,278 [WARN] ConditionMgr:1044 - genDependencies : Invalid condition id : UX DEVICE CLASS RTOS Condition cause : null
2025-09-07 16:32:51,278 [WARN] ConditionMgr:1044 - genDependencies : Invalid condition id : UX DEVICE CLASS RTOS Condition cause : null
2025-09-07 16:32:51,281 [WARN] PackLoader:240 - Cannot read IP mode file for STMicroelectronics.X-CUBE-GNSS1.7.0.1
2025-09-07 16:32:51,285 [WARN] PackLoader:240 - Cannot read IP mode file for STMicroelectronics.X-CUBE-TOUCHGFX.4.25.0
2025-09-07 16:32:51,286 [WARN] ConditionMgr:438 - getConditionDescription Invalid condition id : Cortex-A Device cause : null
2025-09-07 16:32:51,295 [WARN] ConditionMgr:1044 - genDependencies : Invalid condition id : Cortex-A Device cause : null
2025-09-07 16:32:51,296 [WARN] ConditionMgr:1044 - genDependencies : Invalid condition id : Cortex-A Device cause : null
2025-09-07 16:32:51,296 [WARN] ConditionMgr:1044 - genDependencies : Invalid condition id : Cortex-A Device cause : null
2025-09-07 16:32:51,301 [WARN] PackLoader:240 - Cannot read IP mode file for STMicroelectronics.X-CUBE-SUBG2.5.0.0
2025-09-07 16:32:51,313 [WARN] PackLoader:240 - Cannot read IP mode file for STMicroelectronics.X-CUBE-AZRTOS-H7RS.1.1.0
2025-09-07 16:32:51,317 [WARN] PackLoader:240 - Cannot read IP mode file for Cesanta.I-CUBE-Mongoose.7.13.0
2025-09-07 16:32:51,323 [WARN] PackLoader:240 - Cannot read IP mode file for STMicroelectronics.X-CUBE-AZRTOS-G4.2.0.0
2025-09-07 16:32:51,326 [WARN] PackLoader:240 - Cannot read IP mode file for wolfSSL.I-CUBE-wolfSSH.1.4.20
2025-09-07 16:32:51,329 [WARN] PackLoader:240 - Cannot read IP mode file for STMicroelectronics.X-CUBE-NFC7.2.0.0
2025-09-07 16:32:51,336 [WARN] PackLoader:240 - Cannot read IP mode file for STMicroelectronics.X-CUBE-IPS.3.1.0
2025-09-07 16:32:51,342 [WARN] PackLoader:240 - Cannot read IP mode file for STMicroelectronics.X-CUBE-ALS.1.0.2
2025-09-07 16:32:51,347 [WARN] PackLoader:240 - Cannot read IP mode file for STMicroelectronics.X-CUBE-TOF1.3.4.3
2025-09-07 16:32:51,354 [INFO] ThirdParty:978 - Integrity check success = true
2025-09-07 16:32:51,354 [INFO] IntegrityCheckThread:100 - exiting critical section [integrity check]
2025-09-07 16:32:51,354 [INFO] IntegrityCheckThread:103 - End integrity checks thread
2025-09-07 16:33:32,463 [ERROR] LogOutputStream:75 - [STDERR_REDIRECT] 
2025-09-07 16:34:08,555 [INFO] Activator:176 - 


2025-09-07 16:34:08,556 [INFO] Activator:177 - !SESSION log4j initialized
2025-09-07 16:34:29,599 [INFO] LogOutputStream:77 - [STDOUT_REDIRECT] 
2025-09-07 16:34:30,955 [INFO] ApplicationProperties:184 - Using Application install path: /home/ukim/st/stm32cubeide_1.19.0/plugins/com.st.stm32cube.common.mx_6.15.0.202507011659
2025-09-07 16:34:30,980 [INFO] DbMcusXml:78 - Set database path to: /home/ukim/st/stm32cubeide_1.19.0/plugins/com.st.stm32cube.common.mx_6.15.0.202507011659//db//mcu/
2025-09-07 16:34:30,980 [INFO] ApiDb:274 - Set plugin database path to: /home/ukim/st/stm32cubeide_1.19.0/plugins/com.st.stm32cube.common.mx_6.15.0.202507011659//db//plugins/boardmanager/
2025-09-07 16:34:30,981 [WARN] ApiDb:259 - Overriding images path with different value:  => /home/ukim/st/stm32cubeide_1.19.0/plugins/com.st.stm32cube.common.mx_6.15.0.202507011659//db//plugins/mcufinder/images/
2025-09-07 16:34:30,984 [INFO] ApiDb:250 - Set database path to: /home/ukim/.stmcufinder/plugins/mcufinder//mcu/
2025-09-07 16:34:30,985 [INFO] DbMcusAds:125 - Set database path to: /home/ukim/.stmcufinder/plugins/mcufinder//mcu/
2025-09-07 16:34:30,987 [INFO] CrossReferenceDbSqlite:203 - Set database path to: /home/ukim/.stmcufinder/plugins/mcufinder//mcu/cs/
2025-09-07 16:34:31,067 [INFO] RulesReader:64 - Compatibility file has been processed (317 Rules)
2025-09-07 16:34:31,106 [INFO] DbMcusXml:78 - Set database path to: /home/ukim/st/stm32cubeide_1.19.0/plugins/com.st.stm32cube.common.mx_6.15.0.202507011659//db//mcu/
2025-09-07 16:34:31,106 [INFO] ApiDb:274 - Set plugin database path to: /home/ukim/st/stm32cubeide_1.19.0/plugins/com.st.stm32cube.common.mx_6.15.0.202507011659//db//plugins/boardmanager/
2025-09-07 16:34:31,106 [INFO] ApiDb:261 - Set plugin images path to: /home/ukim/st/stm32cubeide_1.19.0/plugins/com.st.stm32cube.common.mx_6.15.0.202507011659//db//plugins/mcufinder/images/
2025-09-07 16:34:31,106 [WARN] DbFile:41 - Overriding database path with different value: /home/ukim/.stmcufinder/plugins/mcufinder/ => /home/ukim/.stmcufinder/plugins/mcufinder
2025-09-07 16:34:31,106 [INFO] ApiDb:250 - Set database path to: /home/ukim/.stmcufinder/plugins/mcufinder//mcu/
2025-09-07 16:34:31,106 [WARN] DbFile:41 - Overriding database path with different value: /home/ukim/.stmcufinder/plugins/mcufinder/ => /home/ukim/.stmcufinder/plugins/mcufinder
2025-09-07 16:34:31,106 [INFO] DbMcusAds:125 - Set database path to: /home/ukim/.stmcufinder/plugins/mcufinder//mcu/
2025-09-07 16:34:31,106 [WARN] DbFile:41 - Overriding database path with different value: /home/ukim/.stmcufinder/plugins/mcufinder/ => /home/ukim/.stmcufinder/plugins/mcufinder
2025-09-07 16:34:31,106 [WARN] DbFile:41 - Overriding database path with different value: /home/ukim/.stmcufinder/plugins/mcufinder/ => /home/ukim/.stmcufinder/plugins/mcufinder
2025-09-07 16:34:31,107 [INFO] CrossReferenceDbSqlite:203 - Set database path to: /home/ukim/.stmcufinder/plugins/mcufinder//mcu/cs/
2025-09-07 16:34:31,145 [INFO] MainPanel:274 - HeapMemory: 268435456
2025-09-07 16:34:31,208 [INFO] DbMcusXml:78 - Set database path to: /home/ukim/st/stm32cubeide_1.19.0/plugins/com.st.stm32cube.common.mx_6.15.0.202507011659//db//mcu/
2025-09-07 16:34:31,208 [INFO] ApiDb:274 - Set plugin database path to: /home/ukim/st/stm32cubeide_1.19.0/plugins/com.st.stm32cube.common.mx_6.15.0.202507011659//db//plugins/boardmanager/
2025-09-07 16:34:31,208 [INFO] ApiDb:261 - Set plugin images path to: /home/ukim/st/stm32cubeide_1.19.0/plugins/com.st.stm32cube.common.mx_6.15.0.202507011659//db//plugins/mcufinder/images/
2025-09-07 16:34:31,208 [WARN] DbFile:41 - Overriding database path with different value: /home/ukim/.stmcufinder/plugins/mcufinder/ => /home/ukim/.stmcufinder/plugins/mcufinder
2025-09-07 16:34:31,209 [INFO] ApiDb:250 - Set database path to: /home/ukim/.stmcufinder/plugins/mcufinder//mcu/
2025-09-07 16:34:31,209 [WARN] DbFile:41 - Overriding database path with different value: /home/ukim/.stmcufinder/plugins/mcufinder/ => /home/ukim/.stmcufinder/plugins/mcufinder
2025-09-07 16:34:31,209 [INFO] DbMcusAds:125 - Set database path to: /home/ukim/.stmcufinder/plugins/mcufinder//mcu/
2025-09-07 16:34:31,209 [WARN] DbFile:41 - Overriding database path with different value: /home/ukim/.stmcufinder/plugins/mcufinder/ => /home/ukim/.stmcufinder/plugins/mcufinder
2025-09-07 16:34:31,209 [WARN] DbFile:41 - Overriding database path with different value: /home/ukim/.stmcufinder/plugins/mcufinder/ => /home/ukim/.stmcufinder/plugins/mcufinder
2025-09-07 16:34:31,209 [INFO] CrossReferenceDbSqlite:203 - Set database path to: /home/ukim/.stmcufinder/plugins/mcufinder//mcu/cs/
2025-09-07 16:34:31,218 [INFO] ApplicationProperties:184 - Using Application install path: /home/ukim/st/stm32cubeide_1.19.0/plugins/com.st.stm32cube.common.mx_6.15.0.202507011659
2025-09-07 16:34:31,219 [INFO] PluginManage:196 - Search for loadable plugins [exclusion list=, ]
2025-09-07 16:34:31,219 [INFO] PluginManage:310 - Check plugin analytics
2025-09-07 16:34:31,301 [INFO] AnalyticsPlugin:253 - Accepted Software Licenses: 
2025-09-07 16:34:31,302 [INFO] AnalyticsPlugin:255 - Accepted CMSIS Pack Licenses: 
2025-09-07 16:34:31,302 [INFO] AnalyticsPlugin:257 - Accepted Firmware Licenses: FW.F4.1.28.0
2025-09-07 16:34:31,303 [INFO] PluginManage:359 - Loaded plugin analytics (category:tool,tabindex:-1)
2025-09-07 16:34:31,303 [INFO] PluginManage:310 - Check plugin cadmodel
2025-09-07 16:34:31,306 [INFO] CADModel:105 - Init CAD model plugin
2025-09-07 16:34:31,306 [INFO] PluginManage:359 - Loaded plugin cadmodel (category:power,tabindex:5)
2025-09-07 16:34:31,306 [INFO] PluginManage:310 - Check plugin clock
2025-09-07 16:34:31,310 [INFO] PluginManage:359 - Loaded plugin clock (category:base,tabindex:2)
2025-09-07 16:34:31,310 [INFO] PluginManage:310 - Check plugin ddr
2025-09-07 16:34:31,311 [INFO] PluginManage:359 - Loaded plugin ddr (category:tool,tabindex:6)
2025-09-07 16:34:31,311 [INFO] PluginManage:310 - Check plugin filemanager
2025-09-07 16:34:31,397 [INFO] PluginManage:359 - Loaded plugin filemanager (category:base,tabindex:10)
2025-09-07 16:34:31,397 [INFO] PluginManage:310 - Check plugin ipmanager
2025-09-07 16:34:31,400 [INFO] PluginManage:359 - Loaded plugin ipmanager (category:base,tabindex:5)
2025-09-07 16:34:31,400 [INFO] PluginManage:310 - Check plugin lpbam
2025-09-07 16:34:31,405 [INFO] PluginManage:359 - Loaded plugin lpbam (category:base,tabindex:0)
2025-09-07 16:34:31,405 [INFO] PluginManage:310 - Check plugin memorymap
2025-09-07 16:34:31,411 [INFO] PluginManage:359 - Loaded plugin memorymap (category:base,tabindex:4)
2025-09-07 16:34:31,411 [INFO] PluginManage:310 - Check plugin pinoutandconfiguration
2025-09-07 16:34:31,415 [INFO] PluginManage:359 - Loaded plugin pinoutandconfiguration (category:base,tabindex:1)
2025-09-07 16:34:31,415 [INFO] PluginManage:310 - Check plugin pinoutconfig
2025-09-07 16:34:31,461 [WARN] SupportedApi:132 - Cannot load RTOS API schema: s4s-elt-must-match.1: The content of 'definitions' must match (annotation?, (simpleType | complexType)?, (unique | key | keyref)*)). A problem was found starting at: attribute.
2025-09-07 16:34:31,528 [INFO] PluginManage:359 - Loaded plugin pinoutconfig (category:base,tabindex:0)
2025-09-07 16:34:31,528 [INFO] PluginManage:310 - Check plugin power
2025-09-07 16:34:31,532 [INFO] PluginManage:359 - Loaded plugin power (category:power,tabindex:4)
2025-09-07 16:34:31,532 [INFO] PluginManage:310 - Check plugin projectmanager
2025-09-07 16:34:31,548 [INFO] PluginManage:359 - Loaded plugin projectmanager (category:projectmanager,tabindex:4)
2025-09-07 16:34:31,548 [INFO] PluginManage:310 - Check plugin rif
2025-09-07 16:34:31,554 [INFO] PluginManage:359 - Loaded plugin rif (category:base,tabindex:3)
2025-09-07 16:34:31,554 [INFO] PluginManage:310 - Check plugin thirdparty
2025-09-07 16:34:31,625 [INFO] PluginManage:359 - Loaded plugin thirdparty (category:base,tabindex:-1)
2025-09-07 16:34:31,624 [WARN] IntegrityCheckThread:84 - waiting for thirdparty lock release [integrity check]
2025-09-07 16:34:31,625 [INFO] PluginManage:310 - Check plugin tools
2025-09-07 16:34:31,625 [INFO] IntegrityCheckThread:86 - entering critical section [integrity check]
2025-09-07 16:34:31,625 [INFO] ThirdPartyUpdaterWithRetryManager:70 - Updater plugin not ready yet. [1/15]
2025-09-07 16:34:31,626 [INFO] PluginManage:359 - Loaded plugin tools (category:base,tabindex:7)
2025-09-07 16:34:31,626 [INFO] PluginManage:310 - Check plugin tutovideos
2025-09-07 16:34:31,755 [INFO] PluginManage:359 - Loaded plugin tutovideos (category:base,tabindex:-1)
2025-09-07 16:34:31,755 [INFO] PluginManage:310 - Check plugin updater
2025-09-07 16:34:31,774 [INFO] PluginManage:359 - Loaded plugin updater (category:base,tabindex:12)
2025-09-07 16:34:31,775 [INFO] PluginManage:310 - Check plugin userauth
2025-09-07 16:34:31,777 [INFO] UserAuth:118 - Init User Auth plugin
2025-09-07 16:34:31,777 [INFO] PluginManage:359 - Loaded plugin userauth (category:base,tabindex:14)
2025-09-07 16:34:31,778 [INFO] PluginManage:283 - PluginManage : Loaded plugins [18]
2025-09-07 16:34:31,894 [INFO] PinOutPanel:1589 - setPackage(No Configuration,No Configuration)
2025-09-07 16:34:31,933 [INFO] CADModel:165 - CPN selected for project level
2025-09-07 16:34:31,933 [INFO] CADModel:114 - Register for checkConnection events
2025-09-07 16:34:31,942 [INFO] IPUIPlugin:80 - create IPUIPlugin
2025-09-07 16:34:31,943 [INFO] PluginManager:220 - loadIPPluginJar : add adc
2025-09-07 16:34:31,944 [INFO] IPUIPlugin:80 - create IPUIPlugin
2025-09-07 16:34:31,944 [INFO] PluginManager:220 - loadIPPluginJar : add aes
2025-09-07 16:34:31,945 [INFO] IPUIPlugin:80 - create IPUIPlugin
2025-09-07 16:34:31,945 [INFO] PluginManager:220 - loadIPPluginJar : add can
2025-09-07 16:34:31,946 [INFO] IPUIPlugin:80 - create IPUIPlugin
2025-09-07 16:34:31,946 [INFO] PluginManager:220 - loadIPPluginJar : add comp
2025-09-07 16:34:31,947 [INFO] IPUIPlugin:80 - create IPUIPlugin
2025-09-07 16:34:31,947 [INFO] PluginManager:220 - loadIPPluginJar : add cryp
2025-09-07 16:34:31,949 [INFO] IPUIPlugin:80 - create IPUIPlugin
2025-09-07 16:34:31,949 [INFO] PluginManager:220 - loadIPPluginJar : add ddr_ctrl_phy
2025-09-07 16:34:31,950 [INFO] IPUIPlugin:80 - create IPUIPlugin
2025-09-07 16:34:31,950 [INFO] PluginManager:220 - loadIPPluginJar : add dfsdm
2025-09-07 16:34:31,954 [INFO] IPUIPlugin:80 - create IPUIPlugin
2025-09-07 16:34:31,954 [INFO] PluginManager:220 - loadIPPluginJar : add dma
2025-09-07 16:34:31,955 [INFO] IPUIPlugin:80 - create IPUIPlugin
2025-09-07 16:34:31,955 [INFO] PluginManager:220 - loadIPPluginJar : add dma3
2025-09-07 16:34:31,957 [INFO] IPUIPlugin:80 - create IPUIPlugin
2025-09-07 16:34:31,957 [INFO] PluginManager:220 - loadIPPluginJar : add extmemmanager
2025-09-07 16:34:31,957 [INFO] IPUIPlugin:80 - create IPUIPlugin
2025-09-07 16:34:31,957 [INFO] PluginManager:220 - loadIPPluginJar : add fatfs
2025-09-07 16:34:31,960 [INFO] IPUIPlugin:80 - create IPUIPlugin
2025-09-07 16:34:31,960 [INFO] PluginManager:220 - loadIPPluginJar : add fmc
2025-09-07 16:34:31,963 [INFO] IPUIPlugin:80 - create IPUIPlugin
2025-09-07 16:34:31,964 [INFO] PluginManager:220 - loadIPPluginJar : add freertos
2025-09-07 16:34:31,964 [INFO] IPUIPlugin:80 - create IPUIPlugin
2025-09-07 16:34:31,964 [INFO] PluginManager:220 - loadIPPluginJar : add genericplugin
2025-09-07 16:34:31,965 [INFO] IPUIPlugin:80 - create IPUIPlugin
2025-09-07 16:34:31,965 [INFO] PluginManager:220 - loadIPPluginJar : add gfxmmu
2025-09-07 16:34:31,968 [INFO] IPUIPlugin:80 - create IPUIPlugin
2025-09-07 16:34:31,968 [INFO] PluginManager:220 - loadIPPluginJar : add gic
2025-09-07 16:34:31,971 [INFO] IPUIPlugin:80 - create IPUIPlugin
2025-09-07 16:34:31,971 [INFO] PluginManager:220 - loadIPPluginJar : add gpio
2025-09-07 16:34:31,972 [INFO] IPUIPlugin:80 - create IPUIPlugin
2025-09-07 16:34:31,972 [INFO] PluginManager:220 - loadIPPluginJar : add gtzc
2025-09-07 16:34:31,973 [INFO] IPUIPlugin:80 - create IPUIPlugin
2025-09-07 16:34:31,973 [INFO] PluginManager:220 - loadIPPluginJar : add hash
2025-09-07 16:34:31,974 [INFO] IPUIPlugin:80 - create IPUIPlugin
2025-09-07 16:34:31,974 [INFO] PluginManager:220 - loadIPPluginJar : add i2c
2025-09-07 16:34:31,975 [INFO] IPUIPlugin:80 - create IPUIPlugin
2025-09-07 16:34:31,975 [INFO] PluginManager:220 - loadIPPluginJar : add i2s
2025-09-07 16:34:31,977 [INFO] IPUIPlugin:80 - create IPUIPlugin
2025-09-07 16:34:31,977 [INFO] PluginManager:220 - loadIPPluginJar : add i3c
2025-09-07 16:34:31,979 [INFO] IPUIPlugin:80 - create IPUIPlugin
2025-09-07 16:34:31,979 [INFO] PluginManager:220 - loadIPPluginJar : add ipddr
2025-09-07 16:34:31,984 [INFO] IPUIPlugin:80 - create IPUIPlugin
2025-09-07 16:34:31,985 [INFO] PluginManager:220 - loadIPPluginJar : add linkedlist
2025-09-07 16:34:31,986 [INFO] IPUIPlugin:80 - create IPUIPlugin
2025-09-07 16:34:31,986 [INFO] PluginManager:220 - loadIPPluginJar : add lorawan
2025-09-07 16:34:31,986 [INFO] IPUIPlugin:80 - create IPUIPlugin
2025-09-07 16:34:31,986 [INFO] PluginManager:220 - loadIPPluginJar : add ltdc
2025-09-07 16:34:31,990 [INFO] IPUIPlugin:80 - create IPUIPlugin
2025-09-07 16:34:31,990 [INFO] PluginManager:220 - loadIPPluginJar : add mdma
2025-09-07 16:34:31,991 [INFO] IPUIPlugin:80 - create IPUIPlugin
2025-09-07 16:34:31,991 [INFO] PluginManager:220 - loadIPPluginJar : add nvic
2025-09-07 16:34:31,992 [INFO] IPUIPlugin:80 - create IPUIPlugin
2025-09-07 16:34:31,992 [INFO] PluginManager:220 - loadIPPluginJar : add opamp
2025-09-07 16:34:31,994 [INFO] IPUIPlugin:80 - create IPUIPlugin
2025-09-07 16:34:31,994 [INFO] PluginManager:220 - loadIPPluginJar : add openamp
2025-09-07 16:34:31,995 [INFO] IPUIPlugin:80 - create IPUIPlugin
2025-09-07 16:34:31,995 [INFO] PluginManager:220 - loadIPPluginJar : add pdm2pcm
2025-09-07 16:34:31,998 [INFO] IPUIPlugin:80 - create IPUIPlugin
2025-09-07 16:34:32,000 [INFO] PluginManager:220 - loadIPPluginJar : add plateformsettings
2025-09-07 16:34:32,000 [INFO] IPUIPlugin:80 - create IPUIPlugin
2025-09-07 16:34:32,000 [INFO] PluginManager:220 - loadIPPluginJar : add quadspi
2025-09-07 16:34:32,001 [INFO] IPUIPlugin:80 - create IPUIPlugin
2025-09-07 16:34:32,001 [INFO] PluginManager:220 - loadIPPluginJar : add radio
2025-09-07 16:34:32,003 [INFO] IPUIPlugin:80 - create IPUIPlugin
2025-09-07 16:34:32,003 [INFO] PluginManager:220 - loadIPPluginJar : add resmgrutility
2025-09-07 16:34:32,004 [INFO] IPUIPlugin:80 - create IPUIPlugin
2025-09-07 16:34:32,004 [INFO] PluginManager:220 - loadIPPluginJar : add sai
2025-09-07 16:34:32,005 [INFO] IPUIPlugin:80 - create IPUIPlugin
2025-09-07 16:34:32,005 [INFO] PluginManager:220 - loadIPPluginJar : add spi
2025-09-07 16:34:32,009 [INFO] IPUIPlugin:80 - create IPUIPlugin
2025-09-07 16:34:32,009 [INFO] PluginManager:220 - loadIPPluginJar : add stm32_wpan
2025-09-07 16:34:32,010 [INFO] IPUIPlugin:80 - create IPUIPlugin
2025-09-07 16:34:32,010 [INFO] PluginManager:220 - loadIPPluginJar : add tim
2025-09-07 16:34:32,011 [INFO] IPUIPlugin:80 - create IPUIPlugin
2025-09-07 16:34:32,011 [INFO] PluginManager:220 - loadIPPluginJar : add touchsensing
2025-09-07 16:34:32,012 [INFO] IPUIPlugin:80 - create IPUIPlugin
2025-09-07 16:34:32,012 [INFO] PluginManager:220 - loadIPPluginJar : add tracer_emb
2025-09-07 16:34:32,013 [INFO] IPUIPlugin:80 - create IPUIPlugin
2025-09-07 16:34:32,013 [INFO] PluginManager:220 - loadIPPluginJar : add ts
2025-09-07 16:34:32,013 [INFO] IPUIPlugin:80 - create IPUIPlugin
2025-09-07 16:34:32,013 [INFO] PluginManager:220 - loadIPPluginJar : add tsc
2025-09-07 16:34:32,014 [INFO] IPUIPlugin:80 - create IPUIPlugin
2025-09-07 16:34:32,014 [INFO] PluginManager:220 - loadIPPluginJar : add ucpd
2025-09-07 16:34:32,015 [INFO] IPUIPlugin:80 - create IPUIPlugin
2025-09-07 16:34:32,015 [INFO] PluginManager:220 - loadIPPluginJar : add usart
2025-09-07 16:34:32,017 [INFO] IPUIPlugin:80 - create IPUIPlugin
2025-09-07 16:34:32,017 [INFO] PluginManager:220 - loadIPPluginJar : add usbx
2025-09-07 16:34:32,107 [FATAL] Updater:351 - Updater called before beeing initialized
2025-09-07 16:34:32,125 [INFO] RulesReader:64 - Compatibility file has been processed (317 Rules)
2025-09-07 16:34:32,134 [INFO] RulesReader:64 - Compatibility file has been processed (317 Rules)
2025-09-07 16:34:32,141 [INFO] CADModel:165 - CPN selected for project level
2025-09-07 16:34:32,141 [INFO] CADModel:114 - Register for checkConnection events
2025-09-07 16:34:32,141 [FATAL] Updater:351 - Updater called before beeing initialized
2025-09-07 16:34:32,141 [ERROR] CADModel:125 - Updater not yet initialized, retry later 
2025-09-07 16:34:32,231 [FATAL] Updater:351 - Updater called before beeing initialized
2025-09-07 16:34:32,232 [INFO] CADModel:165 - CPN selected for project level
2025-09-07 16:34:32,232 [INFO] CADModel:114 - Register for checkConnection events
2025-09-07 16:34:32,232 [FATAL] Updater:351 - Updater called before beeing initialized
2025-09-07 16:34:32,232 [ERROR] CADModel:125 - Updater not yet initialized, retry later 
2025-09-07 16:34:32,234 [FATAL] Updater:351 - Updater called before beeing initialized
2025-09-07 16:34:32,299 [FATAL] Updater:351 - Updater called before beeing initialized
2025-09-07 16:34:32,302 [INFO] DbMcusAds:53 - JSON generation date=Tue Jul 08 01:14:23 PDT 2025 (1751962463582)
2025-09-07 16:34:32,303 [FATAL] Updater:351 - Updater called before beeing initialized
2025-09-07 16:34:32,326 [WARN] DetailPanel:346 - Failed to get advertising image, set to default
2025-09-07 16:34:32,390 [FATAL] Updater:351 - Updater called before beeing initialized
2025-09-07 16:34:32,392 [FATAL] Updater:351 - Updater called before beeing initialized
2025-09-07 16:34:32,392 [FATAL] Updater:351 - Updater called before beeing initialized
2025-09-07 16:34:32,392 [WARN] DetailPanel:346 - Failed to get advertising image, set to default
2025-09-07 16:34:32,393 [FATAL] Updater:351 - Updater called before beeing initialized
2025-09-07 16:34:32,415 [ERROR] Updater:1198 - MainUpdater not yet initialized. External WinMGr cannot be set.
2025-09-07 16:34:32,416 [INFO] Updater:1134 - Updater Version found : 6.15.0
2025-09-07 16:34:32,431 [INFO] ApplicationProperties:184 - Using Application install path: /home/ukim/st/stm32cubeide_1.19.0/plugins/com.st.stm32cube.common.mx_6.15.0.202507011659
2025-09-07 16:34:32,893 [INFO] MainUpdater:2872 - connection check result : 10
2025-09-07 16:34:32,894 [INFO] MainUpdater:289 - Updater Check For Update Now.
2025-09-07 16:34:32,894 [INFO] MicroXplorer:498 - Change Database Version : DB.6.0.150
2025-09-07 16:34:32,898 [INFO] McuFinderGlobals:63 - Set McuFinder mode to 2 (CubeIDE integrated)
2025-09-07 16:34:32,898 [INFO] UserAuth:487 - Internet connection configuration mode: 1
2025-09-07 16:34:32,914 [INFO] JxBrowserEngine:152 - Initiate JxBrowser Engine with user profile folder
2025-09-07 16:34:33,050 [INFO] CheckServerUpdateThread:120 - End of CheckServer Thread
2025-09-07 16:34:33,376 [INFO] WebApp:169 - Instantiating new browser for Auth
2025-09-07 16:34:33,735 [INFO] WebApp:463 - Apply proxy settings
2025-09-07 16:34:33,736 [INFO] WebApp:548 - Chromium requires no authentication
2025-09-07 16:34:33,740 [INFO] WebApp:491 - Direct internet connection detected
2025-09-07 16:34:33,751 [INFO] WebApp:900 - Register for checkConnection events
2025-09-07 16:34:33,752 [INFO] WebApp:463 - Apply proxy settings
2025-09-07 16:34:33,752 [INFO] WebApp:548 - Chromium requires no authentication
2025-09-07 16:34:33,752 [INFO] WebApp:491 - Direct internet connection detected
2025-09-07 16:34:33,831 [INFO] WebApp:225 - Starting web application
2025-09-07 16:34:33,831 [INFO] WebApp:593 - Web application path used /home/ukim/st/stm32cubeide_1.19.0/plugins/com.st.stm32cube.common.mx_6.15.0.202507011659/db/plugins/mcufinder/reactClient1/index.html
2025-09-07 16:34:33,892 [INFO] UserAuth:487 - Internet connection configuration mode: 1
2025-09-07 16:34:34,010 [INFO] WebApp:191 - Connection restablished
2025-09-07 16:34:34,736 [WARN] PackLoader:240 - Cannot read IP mode file for STMicroelectronics.FP-SNS-MOTENVWB1.1.4.0
2025-09-07 16:34:34,743 [WARN] PackLoader:240 - Cannot read IP mode file for STMicroelectronics.FP-ATR-ASTRA1.2.0.2
2025-09-07 16:34:34,749 [WARN] PackLoader:240 - Cannot read IP mode file for STMicroelectronics.X-CUBE-SMBUS.2.1.0
2025-09-07 16:34:34,753 [WARN] PackLoader:240 - Cannot read IP mode file for STMicroelectronics.X-CUBE-ST60.1.0.0
2025-09-07 16:34:34,774 [WARN] PackLoader:240 - Cannot read IP mode file for STMicroelectronics.X-CUBE-AZRTOS-F7.1.1.0
2025-09-07 16:34:34,786 [WARN] PackLoader:240 - Cannot read IP mode file for WES.I-CUBE-Cesium.1.4.0
2025-09-07 16:34:34,801 [WARN] PackLoader:240 - Cannot read IP mode file for Infineon.AIROC-Wi-Fi-Bluetooth-STM32.1.7.1
2025-09-07 16:34:34,818 [WARN] PackLoader:240 - Cannot read IP mode file for STMicroelectronics.X-CUBE-AZRTOS-H7.3.4.0
2025-09-07 16:34:34,826 [WARN] PackLoader:240 - Cannot read IP mode file for STMicroelectronics.X-CUBE-DISPLAY.3.0.0
2025-09-07 16:34:34,834 [WARN] PackLoader:240 - Cannot read IP mode file for STMicroelectronics.X-CUBE-NFC10.1.0.0
2025-09-07 16:34:34,838 [WARN] PackLoader:240 - Cannot read IP mode file for emotas.I-CUBE-CANOPEN.1.3.0
2025-09-07 16:34:34,842 [WARN] PackLoader:240 - Cannot read IP mode file for STMicroelectronics.FP-SNS-STBOX1.2.1.0
2025-09-07 16:34:34,845 [WARN] PackLoader:240 - Cannot read IP mode file for STMicroelectronics.FP-SNS-SMARTAG2.1.2.0
2025-09-07 16:34:34,847 [WARN] PackLoader:240 - Cannot read IP mode file for STMicroelectronics.FP-SNS-FLIGHT1.5.1.0
2025-09-07 16:34:34,852 [INFO] LogOutputStream:77 - [STDOUT_REDIRECT] 1 : Invalid condition id : UX_CORESTACK_Condition cause : null
2025-09-07 16:34:34,852 [INFO] LogOutputStream:77 - [STDOUT_REDIRECT] 1 : Invalid condition id : UX_CORESTACK_Condition cause : null
2025-09-07 16:34:34,853 [INFO] LogOutputStream:77 - [STDOUT_REDIRECT] 1 : Invalid condition id : UX_CORESTACK_Condition cause : null
2025-09-07 16:34:34,853 [INFO] LogOutputStream:77 - [STDOUT_REDIRECT] 1 : Invalid condition id : UX_CORESTACK_Condition cause : null
2025-09-07 16:34:34,853 [INFO] LogOutputStream:77 - [STDOUT_REDIRECT] 1 : Invalid condition id : UX_CORESTACK_Condition cause : null
2025-09-07 16:34:34,860 [WARN] PackLoader:240 - Cannot read IP mode file for STMicroelectronics.X-CUBE-AZRTOS-WL.2.0.0
2025-09-07 16:34:34,866 [WARN] PackLoader:240 - Cannot read IP mode file for STMicroelectronics.FP-SNS-MOTENV1.5.0.0
2025-09-07 16:34:34,871 [WARN] PackLoader:240 - Cannot read IP mode file for STMicroelectronics.X-CUBE-BLE2.3.3.0
2025-09-07 16:34:34,876 [WARN] PackLoader:240 - Cannot read IP mode file for STMicroelectronics.X-CUBE-NFC9.1.0.0
2025-09-07 16:34:34,879 [WARN] PackLoader:240 - Cannot read IP mode file for wolfSSL.I-CUBE-wolfSSL.5.8.2
2025-09-07 16:34:34,882 [WARN] PackLoader:240 - Cannot read IP mode file for STMicroelectronics.X-CUBE-BLE1.7.1.0
2025-09-07 16:34:34,884 [WARN] PackLoader:240 - Cannot read IP mode file for wolfSSL.I-CUBE-wolfMQTT.1.19.2
2025-09-07 16:34:34,888 [WARN] PackLoader:240 - Cannot read IP mode file for STMicroelectronics.X-CUBE-EEPRMA1.5.2.0
2025-09-07 16:34:34,914 [WARN] PackLoader:240 - Cannot read IP mode file for STMicroelectronics.X-CUBE-AZRTOS-G0.1.1.0
2025-09-07 16:34:34,924 [WARN] PackLoader:240 - Cannot read IP mode file for STMicroelectronics.X-CUBE-SAFEA1.1.2.2
2025-09-07 16:34:34,927 [WARN] PackLoader:240 - Cannot read IP mode file for STMicroelectronics.X-CUBE-NFC4.3.0.0
2025-09-07 16:34:34,934 [WARN] PackLoader:240 - Cannot read IP mode file for EmbeddedOffice.I-CUBE-FS-RTOS.1.0.1
2025-09-07 16:34:34,938 [WARN] PackLoader:240 - Cannot read IP mode file for STMicroelectronics.X-CUBE-WB05N.2.0.0
2025-09-07 16:34:34,941 [WARN] PackLoader:240 - Cannot read IP mode file for wolfSSL.I-CUBE-wolfTPM.3.8.0
2025-09-07 16:34:34,945 [WARN] PackLoader:240 - Cannot read IP mode file for STMicroelectronics.X-CUBE-TCPP.4.2.0
2025-09-07 16:34:34,949 [WARN] PackLoader:240 - Cannot read IP mode file for STMicroelectronics.FP-ATR-SIGFOX1.3.2.0
2025-09-07 16:34:34,953 [WARN] PackLoader:240 - Cannot read IP mode file for ITTIA_DB.I-CUBE-ITTIADB.8.9.0
2025-09-07 16:34:34,957 [WARN] PackLoader:240 - Cannot read IP mode file for STMicroelectronics.X-CUBE-ST67W61.1.0.0
2025-09-07 16:34:34,960 [WARN] PackLoader:240 - Cannot read IP mode file for STMicroelectronics.X-CUBE-AI.10.2.0
2025-09-07 16:34:34,978 [WARN] PackLoader:240 - Cannot read IP mode file for SEGGER.I-CUBE-embOS.1.3.1
2025-09-07 16:34:35,011 [WARN] PackLoader:240 - Cannot read IP mode file for STMicroelectronics.X-CUBE-ALGOBUILD.1.4.0
2025-09-07 16:34:35,046 [WARN] PackLoader:240 - Cannot read IP mode file for STMicroelectronics.X-CUBE-MEMS1.11.3.0
2025-09-07 16:34:35,149 [WARN] PackLoader:240 - Cannot read IP mode file for STMicroelectronics.X-CUBE-PM33A1.1.0.0
2025-09-07 16:34:35,158 [WARN] PackLoader:240 - Cannot read IP mode file for STMicroelectronics.X-CUBE-AZRTOS-F4.1.1.0
2025-09-07 16:34:35,161 [WARN] PackLoader:240 - Cannot read IP mode file for Avnet-IotConnect.X-CUBE-IoTC-DA16k-PMOD.1.0.0
2025-09-07 16:34:35,168 [WARN] PackLoader:240 - Cannot read IP mode file for STMicroelectronics.X-CUBE-ISPU.2.1.0
2025-09-07 16:34:35,172 [WARN] PackLoader:240 - Cannot read IP mode file for STMicroelectronics.X-CUBE-NFC12.1.0.0
2025-09-07 16:34:35,185 [WARN] PackLoader:240 - Cannot read IP mode file for STMicroelectronics.X-CUBE-AZRTOS-L5.2.0.0
2025-09-07 16:34:35,192 [WARN] PackLoader:240 - Cannot read IP mode file for STMicroelectronics.X-CUBE-NFC6.3.1.0
2025-09-07 16:34:35,198 [WARN] PackLoader:240 - Cannot read IP mode file for STMicroelectronics.X-CUBE-FREERTOS.1.3.1
2025-09-07 16:34:35,201 [WARN] PackLoader:240 - Cannot read IP mode file for STMicroelectronics.FP-SNS-STAIOTCFT.1.0.0
2025-09-07 16:34:35,205 [WARN] PackLoader:240 - Cannot read IP mode file for STMicroelectronics.X-CUBE-DPower.1.3.0
2025-09-07 16:34:35,215 [WARN] ConditionMgr:438 - getConditionDescription Invalid condition id : LAN8742 Phy interface Condition cause : null
2025-09-07 16:34:35,216 [WARN] PackLoader:240 - Cannot read IP mode file for STMicroelectronics.X-CUBE-AZRTOS-L4.2.0.0
2025-09-07 16:34:35,217 [WARN] ConditionMgr:1044 - genDependencies : Invalid condition id : LAN8742 Phy interface Condition cause : null
2025-09-07 16:34:35,217 [WARN] ConditionMgr:1044 - genDependencies : Invalid condition id : LAN8742 Phy interface Condition cause : null
2025-09-07 16:34:35,218 [WARN] ConditionMgr:1044 - genDependencies : Invalid condition id : LAN8742 Phy interface Condition cause : null
2025-09-07 16:34:35,223 [WARN] PackLoader:240 - Cannot read IP mode file for STMicroelectronics.X-CUBE-SFXS2LP1.4.0.0
2025-09-07 16:34:35,231 [WARN] PackLoader:240 - Cannot read IP mode file for STMicroelectronics.X-CUBE-BLEMGR.4.1.0
2025-09-07 16:34:35,241 [WARN] ConditionMgr:438 - getConditionDescription Invalid condition id : UX DEVICE CLASS RTOS Condition cause : null
2025-09-07 16:34:35,242 [WARN] ConditionMgr:438 - getConditionDescription Invalid condition id : UX DEVICE CLASS RTOS Condition cause : null
2025-09-07 16:34:35,243 [WARN] PackLoader:240 - Cannot read IP mode file for STMicroelectronics.X-CUBE-AZRTOS-WB.2.0.0
2025-09-07 16:34:35,244 [WARN] ConditionMgr:1044 - genDependencies : Invalid condition id : UX DEVICE CLASS RTOS Condition cause : null
2025-09-07 16:34:35,244 [WARN] ConditionMgr:1044 - genDependencies : Invalid condition id : UX DEVICE CLASS RTOS Condition cause : null
2025-09-07 16:34:35,244 [WARN] ConditionMgr:1044 - genDependencies : Invalid condition id : UX DEVICE CLASS RTOS Condition cause : null
2025-09-07 16:34:35,244 [WARN] ConditionMgr:1044 - genDependencies : Invalid condition id : UX DEVICE CLASS RTOS Condition cause : null
2025-09-07 16:34:35,244 [WARN] ConditionMgr:1044 - genDependencies : Invalid condition id : UX DEVICE CLASS RTOS Condition cause : null
2025-09-07 16:34:35,247 [WARN] PackLoader:240 - Cannot read IP mode file for STMicroelectronics.X-CUBE-GNSS1.7.0.1
2025-09-07 16:34:35,250 [WARN] PackLoader:240 - Cannot read IP mode file for STMicroelectronics.X-CUBE-TOUCHGFX.4.25.0
2025-09-07 16:34:35,252 [WARN] ConditionMgr:438 - getConditionDescription Invalid condition id : Cortex-A Device cause : null
2025-09-07 16:34:35,260 [WARN] ConditionMgr:1044 - genDependencies : Invalid condition id : Cortex-A Device cause : null
2025-09-07 16:34:35,260 [WARN] ConditionMgr:1044 - genDependencies : Invalid condition id : Cortex-A Device cause : null
2025-09-07 16:34:35,260 [WARN] ConditionMgr:1044 - genDependencies : Invalid condition id : Cortex-A Device cause : null
2025-09-07 16:34:35,265 [WARN] PackLoader:240 - Cannot read IP mode file for STMicroelectronics.X-CUBE-SUBG2.5.0.0
2025-09-07 16:34:35,275 [WARN] PackLoader:240 - Cannot read IP mode file for STMicroelectronics.X-CUBE-AZRTOS-H7RS.1.1.0
2025-09-07 16:34:35,278 [WARN] PackLoader:240 - Cannot read IP mode file for Cesanta.I-CUBE-Mongoose.7.13.0
2025-09-07 16:34:35,283 [WARN] PackLoader:240 - Cannot read IP mode file for STMicroelectronics.X-CUBE-AZRTOS-G4.2.0.0
2025-09-07 16:34:35,286 [WARN] PackLoader:240 - Cannot read IP mode file for wolfSSL.I-CUBE-wolfSSH.1.4.20
2025-09-07 16:34:35,288 [WARN] PackLoader:240 - Cannot read IP mode file for STMicroelectronics.X-CUBE-NFC7.2.0.0
2025-09-07 16:34:35,296 [WARN] PackLoader:240 - Cannot read IP mode file for STMicroelectronics.X-CUBE-IPS.3.1.0
2025-09-07 16:34:35,304 [WARN] PackLoader:240 - Cannot read IP mode file for STMicroelectronics.X-CUBE-ALS.1.0.2
2025-09-07 16:34:35,310 [WARN] PackLoader:240 - Cannot read IP mode file for STMicroelectronics.X-CUBE-TOF1.3.4.3
2025-09-07 16:34:35,318 [INFO] ThirdParty:978 - Integrity check success = true
2025-09-07 16:34:35,318 [INFO] IntegrityCheckThread:100 - exiting critical section [integrity check]
2025-09-07 16:34:35,318 [INFO] IntegrityCheckThread:103 - End integrity checks thread
2025-09-07 16:36:19,599 [INFO] WebApp:194 - Connection lost
2025-09-07 16:36:19,806 [INFO] WebApp:191 - Connection restablished
2025-09-07 16:37:14,607 [INFO] WebApp:194 - Connection lost
2025-09-07 16:37:15,513 [INFO] WebApp:191 - Connection restablished
2025-09-07 16:37:15,569 [INFO] WebApp:194 - Connection lost
2025-09-07 16:37:15,710 [INFO] WebApp:191 - Connection restablished
2025-09-07 16:44:16,072 [INFO] WebApp:194 - Connection lost
2025-09-07 16:44:22,237 [INFO] WebApp:191 - Connection restablished
